This is pdfeTeX, Version 3.141592-1.30.6-2.2 (Web2C 7.5.5) (format=latex 2006.9.6)  1 DEC 2008 16:21
entering extended mode
**Camera
(./Camera.tex
LaTeX2e <2005/12/01>
Babel <v3.8h> and hyphenation patterns for american, french, german, ngerman, b
ahasa, basque, bulgarian, catalan, croatian, czech, danish, dutch, esperanto, e
stonian, finnish, greek, icelandic, irish, italian, latin, magyar, norsk, polis
h, portuges, romanian, russian, serbian, slovak, slovene, spanish, swedish, tur
kish, ukrainian, nohyphenation, loaded.
(/usr/share/texmf/tex/latex/base/article.cls
Document Class: article 2005/09/16 v1.4f Standard LaTeX document class
(/usr/share/texmf/tex/latex/base/size12.clo
File: size12.clo 2005/09/16 v1.4f Standard LaTeX file (size option)
)
\c@part=\count79
\c@section=\count80
\c@subsection=\count81
\c@subsubsection=\count82
\c@paragraph=\count83
\c@subparagraph=\count84
\c@figure=\count85
\c@table=\count86
\abovecaptionskip=\skip41
\belowcaptionskip=\skip42
\bibindent=\dimen102
)
\c@defn=\count87
 (./Camera.aux)
\openout1 = `Camera.aux'.

LaTeX Font Info:    Checking defaults for OML/cmm/m/it on input line 12.
LaTeX Font Info:    ... okay on input line 12.
LaTeX Font Info:    Checking defaults for T1/cmr/m/n on input line 12.
LaTeX Font Info:    ... okay on input line 12.
LaTeX Font Info:    Checking defaults for OT1/cmr/m/n on input line 12.
LaTeX Font Info:    ... okay on input line 12.
LaTeX Font Info:    Checking defaults for OMS/cmsy/m/n on input line 12.
LaTeX Font Info:    ... okay on input line 12.
LaTeX Font Info:    Checking defaults for OMX/cmex/m/n on input line 12.
LaTeX Font Info:    ... okay on input line 12.
LaTeX Font Info:    Checking defaults for U/cmr/m/n on input line 12.
LaTeX Font Info:    ... okay on input line 12.
LaTeX Font Info:    External font `cmex10' loaded for size
(Font)              <14.4> on input line 23.
LaTeX Font Info:    External font `cmex10' loaded for size
(Font)              <7> on input line 23.
 (./Camera.toc
LaTeX Font Info:    External font `cmex10' loaded for size
(Font)              <12> on input line 4.
LaTeX Font Info:    External font `cmex10' loaded for size
(Font)              <8> on input line 4.
LaTeX Font Info:    External font `cmex10' loaded for size
(Font)              <6> on input line 4.
)
\tf@toc=\write3
\openout3 = `Camera.toc'.


[1

] [2] [3] [4] [5] [6]
LaTeX Font Info:    Try loading font information for OMS+cmr on input line 327.

 (/usr/share/texmf/tex/latex/base/omscmr.fd
File: omscmr.fd 1999/05/25 v2.5h Standard LaTeX font definitions
)
LaTeX Font Info:    Font shape `OMS/cmr/m/n' in size <12> not available
(Font)              Font shape `OMS/cmsy/m/n' tried instead on input line 327.
 [7]
[8] [9] [10] [11] (./Camera.aux) ) 
Here is how much of TeX's memory you used:
 269 strings out of 94421
 2928 string characters out of 1167229
 52431 words of memory out of 1000000
 3557 multiletter control sequences out of 10000+50000
 9776 words of font info for 34 fonts, out of 500000 for 2000
 580 hyphenation exceptions out of 8191
 22i,10n,22p,349b,199s stack positions out of 3000i,1500n,5000p,200000b,15000s

Output written on Camera.dvi (11 pages, 31760 bytes).
